{"C:\\Users\\Administrator\\Desktop\\EMS\\backend\\src\\auth\\auth.service.ts": {"path":"C:\\Users\\Administrator\\Desktop\\EMS\\backend\\src\\auth\\auth.service.ts","statementMap":{"0":{"start":{"line":1,"column":0},"end":{"line":1,"column":null}},"1":{"start":{"line":8,"column":0},"end":{"line":8,"column":57}},"2":{"start":{"line":10,"column":0},"end":{"line":10,"column":41}},"3":{"start":{"line":11,"column":0},"end":{"line":11,"column":28}},"4":{"start":{"line":14,"column":7},"end":{"line":327,"column":null}},"5":{"start":{"line":16,"column":21},"end":{"line":16,"column":29}},"6":{"start":{"line":17,"column":21},"end":{"line":17,"column":26}},"7":{"start":{"line":21,"column":17},"end":{"line":23,"column":6}},"8":{"start":{"line":24,"column":4},"end":{"line":24,"column":61}},"9":{"start":{"line":24,"column":15},"end":{"line":24,"column":61}},"10":{"start":{"line":26,"column":4},"end":{"line":27,"column":56}},"11":{"start":{"line":27,"column":6},"end":{"line":27,"column":56}},"12":{"start":{"line":28,"column":28},"end":{"line":30,"column":null}},"13":{"start":{"line":33,"column":4},"end":{"line":33,"column":77}},"14":{"start":{"line":33,"column":26},"end":{"line":33,"column":77}},"15":{"start":{"line":36,"column":20},"end":{"line":39,"column":6}},"16":{"start":{"line":42,"column":25},"end":{"line":50,"column":null}},"17":{"start":{"line":52,"column":20},"end":{"line":52,"column":39}},"18":{"start":{"line":53,"column":26},"end":{"line":62,"column":null}},"19":{"start":{"line":66,"column":31},"end":{"line":66,"column":67}},"20":{"start":{"line":69,"column":22},"end":{"line":69,"column":68}},"21":{"start":{"line":70,"column":4},"end":{"line":77,"column":7}},"22":{"start":{"line":79,"column":4},"end":{"line":85,"column":7}},"23":{"start":{"line":87,"column":4},"end":{"line":93,"column":7}},"24":{"start":{"line":94,"column":4},"end":{"line":102,"column":7}},"25":{"start":{"line":105,"column":4},"end":{"line":123,"column":5}},"26":{"start":{"line":106,"column":6},"end":{"line":122,"column":7}},"27":{"start":{"line":112,"column":12},"end":{"line":114,"column":10}},"28":{"start":{"line":116,"column":8},"end":{"line":119,"column":11}},"29":{"start":{"line":121,"column":8},"end":{"line":121,"column":27}},"30":{"start":{"line":125,"column":4},"end":{"line":130,"column":7}},"31":{"start":{"line":132,"column":4},"end":{"line":137,"column":7}},"32":{"start":{"line":139,"column":4},"end":{"line":141,"column":7}},"33":{"start":{"line":149,"column":4},"end":{"line":151,"column":5}},"34":{"start":{"line":150,"column":6},"end":{"line":150,"column":58}},"35":{"start":{"line":155,"column":4},"end":{"line":162,"column":5}},"36":{"start":{"line":157,"column":6},"end":{"line":159,"column":9}},"37":{"start":{"line":161,"column":6},"end":{"line":161,"column":74}},"38":{"start":{"line":165,"column":24},"end":{"line":169,"column":6}},"39":{"start":{"line":171,"column":4},"end":{"line":173,"column":5}},"40":{"start":{"line":172,"column":6},"end":{"line":172,"column":65}},"41":{"start":{"line":176,"column":4},"end":{"line":178,"column":5}},"42":{"start":{"line":177,"column":6},"end":{"line":177,"column":69}},"43":{"start":{"line":181,"column":4},"end":{"line":189,"column":5}},"44":{"start":{"line":182,"column":6},"end":{"line":186,"column":9}},"45":{"start":{"line":188,"column":6},"end":{"line":188,"column":63}},"46":{"start":{"line":192,"column":20},"end":{"line":192,"column":73}},"47":{"start":{"line":194,"column":4},"end":{"line":196,"column":5}},"48":{"start":{"line":195,"column":6},"end":{"line":195,"column":63}},"49":{"start":{"line":199,"column":23},"end":{"line":199,"column":42}},"50":{"start":{"line":201,"column":25},"end":{"line":209,"column":null}},"51":{"start":{"line":212,"column":26},"end":{"line":221,"column":null}},"52":{"start":{"line":225,"column":31},"end":{"line":225,"column":67}},"53":{"start":{"line":227,"column":22},"end":{"line":227,"column":68}},"54":{"start":{"line":230,"column":4},"end":{"line":245,"column":7}},"55":{"start":{"line":247,"column":4},"end":{"line":253,"column":7}},"56":{"start":{"line":255,"column":4},"end":{"line":261,"column":7}},"57":{"start":{"line":263,"column":4},"end":{"line":265,"column":7}},"58":{"start":{"line":269,"column":4},"end":{"line":271,"column":5}},"59":{"start":{"line":270,"column":6},"end":{"line":270,"column":65}},"60":{"start":{"line":275,"column":4},"end":{"line":282,"column":5}},"61":{"start":{"line":276,"column":6},"end":{"line":278,"column":9}},"62":{"start":{"line":280,"column":6},"end":{"line":280,"column":25}},"63":{"start":{"line":281,"column":6},"end":{"line":281,"column":74}},"64":{"start":{"line":284,"column":23},"end":{"line":286,"column":6}},"65":{"start":{"line":288,"column":4},"end":{"line":290,"column":5}},"66":{"start":{"line":289,"column":6},"end":{"line":289,"column":63}},"67":{"start":{"line":292,"column":25},"end":{"line":292,"column":78}},"68":{"start":{"line":294,"column":4},"end":{"line":296,"column":5}},"69":{"start":{"line":295,"column":6},"end":{"line":295,"column":63}},"70":{"start":{"line":298,"column":4},"end":{"line":300,"column":5}},"71":{"start":{"line":299,"column":6},"end":{"line":299,"column":63}},"72":{"start":{"line":302,"column":17},"end":{"line":312,"column":6}},"73":{"start":{"line":314,"column":4},"end":{"line":316,"column":5}},"74":{"start":{"line":315,"column":6},"end":{"line":315,"column":52}},"75":{"start":{"line":318,"column":4},"end":{"line":320,"column":5}},"76":{"start":{"line":319,"column":6},"end":{"line":319,"column":58}},"77":{"start":{"line":322,"column":4},"end":{"line":325,"column":6}},"78":{"start":{"line":14,"column":13},"end":{"line":14,"column":24}},"79":{"start":{"line":14,"column":13},"end":{"line":327,"column":null}}},"fnMap":{"0":{"name":"(anonymous_3)","decl":{"start":{"line":15,"column":2},"end":{"line":15,"column":null}},"loc":{"start":{"line":17,"column":36},"end":{"line":18,"column":6}}},"1":{"name":"(anonymous_4)","decl":{"start":{"line":20,"column":2},"end":{"line":20,"column":7}},"loc":{"start":{"line":20,"column":49},"end":{"line":103,"column":3}}},"2":{"name":"(anonymous_5)","decl":{"start":{"line":104,"column":2},"end":{"line":104,"column":7}},"loc":{"start":{"line":104,"column":50},"end":{"line":142,"column":3}}},"3":{"name":"(anonymous_6)","decl":{"start":{"line":147,"column":2},"end":{"line":147,"column":7}},"loc":{"start":{"line":147,"column":51},"end":{"line":266,"column":3}}},"4":{"name":"(anonymous_7)","decl":{"start":{"line":268,"column":2},"end":{"line":268,"column":7}},"loc":{"start":{"line":268,"column":51},"end":{"line":326,"column":3}}}},"branchMap":{"0":{"loc":{"start":{"line":24,"column":4},"end":{"line":24,"column":61}},"type":"if","locations":[{"start":{"line":24,"column":4},"end":{"line":24,"column":61}},{"start":{},"end":{}}]},"1":{"loc":{"start":{"line":26,"column":4},"end":{"line":27,"column":56}},"type":"if","locations":[{"start":{"line":26,"column":4},"end":{"line":27,"column":56}},{"start":{},"end":{}}]},"2":{"loc":{"start":{"line":33,"column":4},"end":{"line":33,"column":77}},"type":"if","locations":[{"start":{"line":33,"column":4},"end":{"line":33,"column":77}},{"start":{},"end":{}}]},"3":{"loc":{"start":{"line":105,"column":4},"end":{"line":123,"column":5}},"type":"if","locations":[{"start":{"line":105,"column":4},"end":{"line":123,"column":5}},{"start":{},"end":{}}]},"4":{"loc":{"start":{"line":149,"column":4},"end":{"line":151,"column":5}},"type":"if","locations":[{"start":{"line":149,"column":4},"end":{"line":151,"column":5}},{"start":{},"end":{}}]},"5":{"loc":{"start":{"line":171,"column":4},"end":{"line":173,"column":5}},"type":"if","locations":[{"start":{"line":171,"column":4},"end":{"line":173,"column":5}},{"start":{},"end":{}}]},"6":{"loc":{"start":{"line":176,"column":4},"end":{"line":178,"column":5}},"type":"if","locations":[{"start":{"line":176,"column":4},"end":{"line":178,"column":5}},{"start":{},"end":{}}]},"7":{"loc":{"start":{"line":181,"column":4},"end":{"line":189,"column":5}},"type":"if","locations":[{"start":{"line":181,"column":4},"end":{"line":189,"column":5}},{"start":{},"end":{}}]},"8":{"loc":{"start":{"line":194,"column":4},"end":{"line":196,"column":5}},"type":"if","locations":[{"start":{"line":194,"column":4},"end":{"line":196,"column":5}},{"start":{},"end":{}}]},"9":{"loc":{"start":{"line":269,"column":4},"end":{"line":271,"column":5}},"type":"if","locations":[{"start":{"line":269,"column":4},"end":{"line":271,"column":5}},{"start":{},"end":{}}]},"10":{"loc":{"start":{"line":288,"column":4},"end":{"line":290,"column":5}},"type":"if","locations":[{"start":{"line":288,"column":4},"end":{"line":290,"column":5}},{"start":{},"end":{}}]},"11":{"loc":{"start":{"line":294,"column":4},"end":{"line":296,"column":5}},"type":"if","locations":[{"start":{"line":294,"column":4},"end":{"line":296,"column":5}},{"start":{},"end":{}}]},"12":{"loc":{"start":{"line":298,"column":4},"end":{"line":300,"column":5}},"type":"if","locations":[{"start":{"line":298,"column":4},"end":{"line":300,"column":5}},{"start":{},"end":{}}]},"13":{"loc":{"start":{"line":314,"column":4},"end":{"line":316,"column":5}},"type":"if","locations":[{"start":{"line":314,"column":4},"end":{"line":316,"column":5}},{"start":{},"end":{}}]},"14":{"loc":{"start":{"line":318,"column":4},"end":{"line":320,"column":5}},"type":"if","locations":[{"start":{"line":318,"column":4},"end":{"line":320,"column":5}},{"start":{},"end":{}}]},"15":{"loc":{"start":{"line":16,"column":29},"end":{"line":16,"column":null}},"type":"cond-expr","locations":[{"start":{"line":16,"column":42},"end":{"line":16,"column":null}},{"start":{"line":16,"column":42},"end":{"line":16,"column":null}}]},"16":{"loc":{"start":{"line":16,"column":29},"end":{"line":16,"column":42}},"type":"binary-expr","locations":[{"start":{"line":16,"column":29},"end":{"line":16,"column":null}},{"start":{"line":16,"column":29},"end":{"line":16,"column":42}}]},"17":{"loc":{"start":{"line":16,"column":42},"end":{"line":17,"column":null}},"type":"cond-expr","locations":[{"start":{"line":17,"column":36},"end":{"line":17,"column":null}},{"start":{"line":17,"column":36},"end":{"line":17,"column":null}}]},"18":{"loc":{"start":{"line":16,"column":42},"end":{"line":17,"column":36}},"type":"binary-expr","locations":[{"start":{"line":16,"column":42},"end":{"line":17,"column":null}},{"start":{"line":17,"column":26},"end":{"line":17,"column":36}}]}},"s":{"0":1,"1":1,"2":1,"3":1,"4":1,"5":2,"6":2,"7":1,"8":1,"9":0,"10":1,"11":1,"12":0,"13":0,"14":0,"15":0,"16":0,"17":0,"18":0,"19":0,"20":0,"21":0,"22":0,"23":0,"24":0,"25":0,"26":0,"27":0,"28":0,"29":0,"30":0,"31":0,"32":0,"33":0,"34":0,"35":0,"36":0,"37":0,"38":0,"39":0,"40":0,"41":0,"42":0,"43":0,"44":0,"45":0,"46":0,"47":0,"48":0,"49":0,"50":0,"51":0,"52":0,"53":0,"54":0,"55":0,"56":0,"57":0,"58":0,"59":0,"60":0,"61":0,"62":0,"63":0,"64":0,"65":0,"66":0,"67":0,"68":0,"69":0,"70":0,"71":0,"72":0,"73":0,"74":0,"75":0,"76":0,"77":0,"78":1,"79":1},"f":{"0":2,"1":1,"2":0,"3":0,"4":0},"b":{"0":[0,1],"1":[1,0],"2":[0,0],"3":[0,0],"4":[0,0],"5":[0,0],"6":[0,0],"7":[0,0],"8":[0,0],"9":[0,0],"10":[0,0],"11":[0,0],"12":[0,0],"13":[0,0],"14":[0,0],"15":[1,0],"16":[1,1],"17":[1,0],"18":[1,1]}}
,"C:\\Users\\Administrator\\Desktop\\EMS\\backend\\src\\generated\\prisma\\client.ts": {"path":"C:\\Users\\Administrator\\Desktop\\EMS\\backend\\src\\generated\\prisma\\client.ts","statementMap":{"0":{"start":{"line":18,"column":0},"end":{"line":18,"column":42}},"1":{"start":{"line":19,"column":0},"end":{"line":19,"column":52}},"2":{"start":{"line":40,"column":9},"end":{"line":40,"column":15}},"3":{"start":{"line":21,"column":0},"end":{"line":21,"column":33}},"4":{"start":{"line":22,"column":0},"end":{"line":22,"column":23}},"5":{"start":{"line":38,"column":13},"end":{"line":38,"column":null}}},"fnMap":{},"branchMap":{},"s":{"0":1,"1":1,"2":1,"3":1,"4":1,"5":1},"f":{},"b":{}}
,"C:\\Users\\Administrator\\Desktop\\EMS\\backend\\src\\generated\\prisma\\enums.ts": {"path":"C:\\Users\\Administrator\\Desktop\\EMS\\backend\\src\\generated\\prisma\\enums.ts","statementMap":{"0":{"start":{"line":12,"column":13},"end":{"line":15,"column":null}},"1":{"start":{"line":20,"column":13},"end":{"line":23,"column":null}},"2":{"start":{"line":28,"column":13},"end":{"line":32,"column":null}},"3":{"start":{"line":37,"column":13},"end":{"line":42,"column":null}}},"fnMap":{},"branchMap":{},"s":{"0":1,"1":1,"2":1,"3":1},"f":{},"b":{}}
,"C:\\Users\\Administrator\\Desktop\\EMS\\backend\\src\\generated\\prisma\\internal\\class.ts": {"path":"C:\\Users\\Administrator\\Desktop\\EMS\\backend\\src\\generated\\prisma\\internal\\class.ts","statementMap":{"0":{"start":{"line":242,"column":0},"end":{"line":242,"column":16}},"1":{"start":{"line":14,"column":0},"end":{"line":14,"column":56}},"2":{"start":{"line":18,"column":46},"end":{"line":33,"column":null}},"3":{"start":{"line":35,"column":0},"end":{"line":35,"column":null}},"4":{"start":{"line":36,"column":0},"end":{"line":39,"column":null}},"5":{"start":{"line":42,"column":21},"end":{"line":42,"column":48}},"6":{"start":{"line":43,"column":20},"end":{"line":43,"column":53}},"7":{"start":{"line":44,"column":2},"end":{"line":44,"column":null}},"8":{"start":{"line":47,"column":0},"end":{"line":56,"column":null}},"9":{"start":{"line":48,"column":26},"end":{"line":48,"column":101}},"10":{"start":{"line":51,"column":21},"end":{"line":51,"column":108}},"11":{"start":{"line":52,"column":4},"end":{"line":52,"column":null}},"12":{"start":{"line":243,"column":2},"end":{"line":243,"column":null}}},"fnMap":{"0":{"name":"decodeBase64AsWasm","decl":{"start":{"line":41,"column":15},"end":{"line":41,"column":33}},"loc":{"start":{"line":41,"column":52},"end":{"line":45,"column":1}}},"1":{"name":"(anonymous_10)","decl":{"start":{"line":48,"column":14},"end":{"line":48,"column":19}},"loc":{"start":{"line":48,"column":26},"end":{"line":48,"column":101}}},"2":{"name":"(anonymous_11)","decl":{"start":{"line":50,"column":30},"end":{"line":50,"column":35}},"loc":{"start":{"line":50,"column":41},"end":{"line":53,"column":3}}},"3":{"name":"getPrismaClientClass","decl":{"start":{"line":242,"column":16},"end":{"line":242,"column":36}},"loc":{"start":{"line":242,"column":36},"end":{"line":244,"column":1}}}},"branchMap":{},"s":{"0":1,"1":1,"2":1,"3":1,"4":1,"5":0,"6":0,"7":0,"8":1,"9":0,"10":0,"11":0,"12":1},"f":{"0":0,"1":0,"2":0,"3":1},"b":{}}
,"C:\\Users\\Administrator\\Desktop\\EMS\\backend\\src\\generated\\prisma\\internal\\prismaNamespace.ts": {"path":"C:\\Users\\Administrator\\Desktop\\EMS\\backend\\src\\generated\\prisma\\internal\\prismaNamespace.ts","statementMap":{"0":{"start":{"line":18,"column":0},"end":{"line":18,"column":56}},"1":{"start":{"line":32,"column":13},"end":{"line":32,"column":null}},"2":{"start":{"line":35,"column":13},"end":{"line":35,"column":null}},"3":{"start":{"line":38,"column":13},"end":{"line":38,"column":null}},"4":{"start":{"line":41,"column":13},"end":{"line":41,"column":null}},"5":{"start":{"line":44,"column":13},"end":{"line":44,"column":null}},"6":{"start":{"line":50,"column":13},"end":{"line":50,"column":null}},"7":{"start":{"line":51,"column":13},"end":{"line":51,"column":null}},"8":{"start":{"line":52,"column":13},"end":{"line":52,"column":null}},"9":{"start":{"line":53,"column":13},"end":{"line":53,"column":null}},"10":{"start":{"line":54,"column":13},"end":{"line":54,"column":null}},"11":{"start":{"line":62,"column":13},"end":{"line":62,"column":null}},"12":{"start":{"line":71,"column":13},"end":{"line":71,"column":null}},"13":{"start":{"line":86,"column":13},"end":{"line":89,"column":null}},"14":{"start":{"line":104,"column":13},"end":{"line":108,"column":null}},"15":{"start":{"line":114,"column":13},"end":{"line":114,"column":null}},"16":{"start":{"line":121,"column":13},"end":{"line":121,"column":null}},"17":{"start":{"line":128,"column":13},"end":{"line":128,"column":null}},"18":{"start":{"line":386,"column":13},"end":{"line":392,"column":null}},"19":{"start":{"line":810,"column":13},"end":{"line":815,"column":null}},"20":{"start":{"line":820,"column":13},"end":{"line":829,"column":null}},"21":{"start":{"line":834,"column":13},"end":{"line":847,"column":null}},"22":{"start":{"line":852,"column":13},"end":{"line":858,"column":null}},"23":{"start":{"line":863,"column":13},"end":{"line":873,"column":null}},"24":{"start":{"line":878,"column":13},"end":{"line":884,"column":null}},"25":{"start":{"line":889,"column":13},"end":{"line":892,"column":null}},"26":{"start":{"line":897,"column":13},"end":{"line":900,"column":null}},"27":{"start":{"line":905,"column":13},"end":{"line":908,"column":null}},"28":{"start":{"line":1037,"column":13},"end":{"line":1037,"column":null}}},"fnMap":{},"branchMap":{},"s":{"0":1,"1":1,"2":1,"3":1,"4":1,"5":1,"6":1,"7":1,"8":1,"9":1,"10":1,"11":1,"12":1,"13":1,"14":1,"15":1,"16":1,"17":1,"18":1,"19":1,"20":1,"21":1,"22":1,"23":1,"24":1,"25":1,"26":1,"27":1,"28":1},"f":{},"b":{}}
,"C:\\Users\\Administrator\\Desktop\\EMS\\backend\\src\\prisma\\prisma.service.ts": {"path":"C:\\Users\\Administrator\\Desktop\\EMS\\backend\\src\\prisma\\prisma.service.ts","statementMap":{"0":{"start":{"line":1,"column":0},"end":{"line":1,"column":44}},"1":{"start":{"line":2,"column":0},"end":{"line":2,"column":58}},"2":{"start":{"line":3,"column":0},"end":{"line":3,"column":46}},"3":{"start":{"line":6,"column":7},"end":{"line":13,"column":null}},"4":{"start":{"line":8,"column":20},"end":{"line":10,"column":6}},"5":{"start":{"line":11,"column":4},"end":{"line":11,"column":23}},"6":{"start":{"line":6,"column":13},"end":{"line":6,"column":26}},"7":{"start":{"line":6,"column":13},"end":{"line":13,"column":null}}},"fnMap":{"0":{"name":"(anonymous_2)","decl":{"start":{"line":7,"column":2},"end":{"line":7,"column":null}},"loc":{"start":{"line":7,"column":2},"end":{"line":12,"column":3}}}},"branchMap":{},"s":{"0":1,"1":1,"2":1,"3":1,"4":0,"5":0,"6":1,"7":1},"f":{"0":0},"b":{}}
}
