{"C:\\Users\\Administrator\\Desktop\\EMS\\backend\\src\\auth\\auth.service.ts": {"path":"C:\\Users\\Administrator\\Desktop\\EMS\\backend\\src\\auth\\auth.service.ts","statementMap":{"0":{"start":{"line":1,"column":0},"end":{"line":1,"column":null}},"1":{"start":{"line":8,"column":0},"end":{"line":8,"column":57}},"2":{"start":{"line":10,"column":0},"end":{"line":10,"column":41}},"3":{"start":{"line":11,"column":0},"end":{"line":11,"column":28}},"4":{"start":{"line":13,"column":7},"end":{"line":257,"column":null}},"5":{"start":{"line":15,"column":21},"end":{"line":15,"column":29}},"6":{"start":{"line":16,"column":21},"end":{"line":16,"column":26}},"7":{"start":{"line":20,"column":17},"end":{"line":22,"column":6}},"8":{"start":{"line":23,"column":4},"end":{"line":23,"column":61}},"9":{"start":{"line":23,"column":15},"end":{"line":23,"column":61}},"10":{"start":{"line":24,"column":4},"end":{"line":25,"column":56}},"11":{"start":{"line":25,"column":6},"end":{"line":25,"column":56}},"12":{"start":{"line":26,"column":28},"end":{"line":28,"column":null}},"13":{"start":{"line":30,"column":4},"end":{"line":30,"column":77}},"14":{"start":{"line":30,"column":26},"end":{"line":30,"column":77}},"15":{"start":{"line":31,"column":20},"end":{"line":31,"column":55}},"16":{"start":{"line":33,"column":25},"end":{"line":36,"column":6}},"17":{"start":{"line":38,"column":20},"end":{"line":38,"column":39}},"18":{"start":{"line":39,"column":26},"end":{"line":44,"column":null}},"19":{"start":{"line":46,"column":31},"end":{"line":46,"column":67}},"20":{"start":{"line":47,"column":22},"end":{"line":47,"column":68}},"21":{"start":{"line":48,"column":4},"end":{"line":55,"column":7}},"22":{"start":{"line":57,"column":4},"end":{"line":66,"column":6}},"23":{"start":{"line":72,"column":4},"end":{"line":74,"column":5}},"24":{"start":{"line":73,"column":6},"end":{"line":73,"column":13}},"25":{"start":{"line":76,"column":4},"end":{"line":92,"column":5}},"26":{"start":{"line":81,"column":10},"end":{"line":83,"column":8}},"27":{"start":{"line":85,"column":6},"end":{"line":87,"column":9}},"28":{"start":{"line":89,"column":6},"end":{"line":89,"column":13}},"29":{"start":{"line":91,"column":6},"end":{"line":91,"column":13}},"30":{"start":{"line":114,"column":4},"end":{"line":116,"column":5}},"31":{"start":{"line":115,"column":6},"end":{"line":115,"column":58}},"32":{"start":{"line":120,"column":4},"end":{"line":127,"column":5}},"33":{"start":{"line":122,"column":6},"end":{"line":124,"column":9}},"34":{"start":{"line":126,"column":6},"end":{"line":126,"column":63}},"35":{"start":{"line":130,"column":24},"end":{"line":134,"column":6}},"36":{"start":{"line":136,"column":4},"end":{"line":138,"column":5}},"37":{"start":{"line":137,"column":6},"end":{"line":137,"column":65}},"38":{"start":{"line":141,"column":4},"end":{"line":143,"column":5}},"39":{"start":{"line":142,"column":6},"end":{"line":142,"column":69}},"40":{"start":{"line":146,"column":4},"end":{"line":154,"column":5}},"41":{"start":{"line":147,"column":6},"end":{"line":151,"column":9}},"42":{"start":{"line":153,"column":6},"end":{"line":153,"column":63}},"43":{"start":{"line":157,"column":20},"end":{"line":157,"column":73}},"44":{"start":{"line":159,"column":4},"end":{"line":161,"column":5}},"45":{"start":{"line":160,"column":6},"end":{"line":160,"column":63}},"46":{"start":{"line":164,"column":23},"end":{"line":164,"column":42}},"47":{"start":{"line":166,"column":25},"end":{"line":174,"column":null}},"48":{"start":{"line":177,"column":26},"end":{"line":186,"column":null}},"49":{"start":{"line":190,"column":31},"end":{"line":190,"column":67}},"50":{"start":{"line":192,"column":22},"end":{"line":192,"column":68}},"51":{"start":{"line":195,"column":4},"end":{"line":210,"column":7}},"52":{"start":{"line":212,"column":4},"end":{"line":215,"column":6}},"53":{"start":{"line":219,"column":4},"end":{"line":221,"column":5}},"54":{"start":{"line":220,"column":6},"end":{"line":220,"column":64}},"55":{"start":{"line":225,"column":4},"end":{"line":231,"column":5}},"56":{"start":{"line":226,"column":6},"end":{"line":228,"column":9}},"57":{"start":{"line":230,"column":6},"end":{"line":230,"column":73}},"58":{"start":{"line":233,"column":17},"end":{"line":243,"column":6}},"59":{"start":{"line":245,"column":4},"end":{"line":247,"column":5}},"60":{"start":{"line":246,"column":6},"end":{"line":246,"column":52}},"61":{"start":{"line":249,"column":4},"end":{"line":251,"column":5}},"62":{"start":{"line":250,"column":6},"end":{"line":250,"column":58}},"63":{"start":{"line":253,"column":4},"end":{"line":255,"column":6}},"64":{"start":{"line":13,"column":13},"end":{"line":13,"column":24}},"65":{"start":{"line":13,"column":13},"end":{"line":257,"column":null}}},"fnMap":{"0":{"name":"(anonymous_3)","decl":{"start":{"line":14,"column":2},"end":{"line":14,"column":null}},"loc":{"start":{"line":16,"column":36},"end":{"line":17,"column":6}}},"1":{"name":"(anonymous_4)","decl":{"start":{"line":19,"column":2},"end":{"line":19,"column":7}},"loc":{"start":{"line":19,"column":34},"end":{"line":67,"column":3}}},"2":{"name":"(anonymous_5)","decl":{"start":{"line":71,"column":2},"end":{"line":71,"column":7}},"loc":{"start":{"line":71,"column":42},"end":{"line":107,"column":3}}},"3":{"name":"(anonymous_6)","decl":{"start":{"line":112,"column":2},"end":{"line":112,"column":7}},"loc":{"start":{"line":112,"column":43},"end":{"line":216,"column":3}}},"4":{"name":"(anonymous_7)","decl":{"start":{"line":218,"column":2},"end":{"line":218,"column":7}},"loc":{"start":{"line":218,"column":42},"end":{"line":256,"column":3}}}},"branchMap":{"0":{"loc":{"start":{"line":23,"column":4},"end":{"line":23,"column":61}},"type":"if","locations":[{"start":{"line":23,"column":4},"end":{"line":23,"column":61}},{"start":{},"end":{}}]},"1":{"loc":{"start":{"line":24,"column":4},"end":{"line":25,"column":56}},"type":"if","locations":[{"start":{"line":24,"column":4},"end":{"line":25,"column":56}},{"start":{},"end":{}}]},"2":{"loc":{"start":{"line":30,"column":4},"end":{"line":30,"column":77}},"type":"if","locations":[{"start":{"line":30,"column":4},"end":{"line":30,"column":77}},{"start":{},"end":{}}]},"3":{"loc":{"start":{"line":72,"column":4},"end":{"line":74,"column":5}},"type":"if","locations":[{"start":{"line":72,"column":4},"end":{"line":74,"column":5}},{"start":{},"end":{}}]},"4":{"loc":{"start":{"line":114,"column":4},"end":{"line":116,"column":5}},"type":"if","locations":[{"start":{"line":114,"column":4},"end":{"line":116,"column":5}},{"start":{},"end":{}}]},"5":{"loc":{"start":{"line":136,"column":4},"end":{"line":138,"column":5}},"type":"if","locations":[{"start":{"line":136,"column":4},"end":{"line":138,"column":5}},{"start":{},"end":{}}]},"6":{"loc":{"start":{"line":141,"column":4},"end":{"line":143,"column":5}},"type":"if","locations":[{"start":{"line":141,"column":4},"end":{"line":143,"column":5}},{"start":{},"end":{}}]},"7":{"loc":{"start":{"line":146,"column":4},"end":{"line":154,"column":5}},"type":"if","locations":[{"start":{"line":146,"column":4},"end":{"line":154,"column":5}},{"start":{},"end":{}}]},"8":{"loc":{"start":{"line":159,"column":4},"end":{"line":161,"column":5}},"type":"if","locations":[{"start":{"line":159,"column":4},"end":{"line":161,"column":5}},{"start":{},"end":{}}]},"9":{"loc":{"start":{"line":219,"column":4},"end":{"line":221,"column":5}},"type":"if","locations":[{"start":{"line":219,"column":4},"end":{"line":221,"column":5}},{"start":{},"end":{}}]},"10":{"loc":{"start":{"line":245,"column":4},"end":{"line":247,"column":5}},"type":"if","locations":[{"start":{"line":245,"column":4},"end":{"line":247,"column":5}},{"start":{},"end":{}}]},"11":{"loc":{"start":{"line":249,"column":4},"end":{"line":251,"column":5}},"type":"if","locations":[{"start":{"line":249,"column":4},"end":{"line":251,"column":5}},{"start":{},"end":{}}]},"12":{"loc":{"start":{"line":15,"column":29},"end":{"line":15,"column":null}},"type":"cond-expr","locations":[{"start":{"line":15,"column":42},"end":{"line":15,"column":null}},{"start":{"line":15,"column":42},"end":{"line":15,"column":null}}]},"13":{"loc":{"start":{"line":15,"column":29},"end":{"line":15,"column":42}},"type":"binary-expr","locations":[{"start":{"line":15,"column":29},"end":{"line":15,"column":null}},{"start":{"line":15,"column":29},"end":{"line":15,"column":42}}]},"14":{"loc":{"start":{"line":15,"column":42},"end":{"line":16,"column":null}},"type":"cond-expr","locations":[{"start":{"line":16,"column":36},"end":{"line":16,"column":null}},{"start":{"line":16,"column":36},"end":{"line":16,"column":null}}]},"15":{"loc":{"start":{"line":15,"column":42},"end":{"line":16,"column":36}},"type":"binary-expr","locations":[{"start":{"line":15,"column":42},"end":{"line":16,"column":null}},{"start":{"line":16,"column":26},"end":{"line":16,"column":36}}]}},"s":{"0":1,"1":1,"2":1,"3":1,"4":1,"5":20,"6":20,"7":4,"8":4,"9":1,"10":3,"11":1,"12":2,"13":2,"14":1,"15":1,"16":1,"17":1,"18":1,"19":1,"20":1,"21":1,"22":1,"23":3,"24":1,"25":2,"26":2,"27":1,"28":1,"29":1,"30":7,"31":1,"32":6,"33":6,"34":1,"35":5,"36":5,"37":1,"38":4,"39":1,"40":3,"41":1,"42":1,"43":2,"44":2,"45":1,"46":1,"47":1,"48":1,"49":1,"50":1,"51":1,"52":1,"53":5,"54":1,"55":4,"56":4,"57":1,"58":3,"59":3,"60":1,"61":2,"62":1,"63":1,"64":1,"65":1},"f":{"0":20,"1":4,"2":3,"3":7,"4":5},"b":{"0":[1,3],"1":[1,2],"2":[1,1],"3":[1,2],"4":[1,6],"5":[1,4],"6":[1,3],"7":[1,2],"8":[1,1],"9":[1,4],"10":[1,2],"11":[1,1],"12":[1,0],"13":[1,1],"14":[1,0],"15":[1,1]}}
,"C:\\Users\\Administrator\\Desktop\\EMS\\backend\\src\\generated\\prisma\\client.ts": {"path":"C:\\Users\\Administrator\\Desktop\\EMS\\backend\\src\\generated\\prisma\\client.ts","statementMap":{"0":{"start":{"line":18,"column":0},"end":{"line":18,"column":42}},"1":{"start":{"line":19,"column":0},"end":{"line":19,"column":52}},"2":{"start":{"line":40,"column":9},"end":{"line":40,"column":15}},"3":{"start":{"line":21,"column":0},"end":{"line":21,"column":33}},"4":{"start":{"line":22,"column":0},"end":{"line":22,"column":23}},"5":{"start":{"line":38,"column":13},"end":{"line":38,"column":null}}},"fnMap":{},"branchMap":{},"s":{"0":1,"1":1,"2":1,"3":1,"4":1,"5":1},"f":{},"b":{}}
,"C:\\Users\\Administrator\\Desktop\\EMS\\backend\\src\\generated\\prisma\\enums.ts": {"path":"C:\\Users\\Administrator\\Desktop\\EMS\\backend\\src\\generated\\prisma\\enums.ts","statementMap":{"0":{"start":{"line":12,"column":13},"end":{"line":15,"column":null}},"1":{"start":{"line":20,"column":13},"end":{"line":23,"column":null}},"2":{"start":{"line":28,"column":13},"end":{"line":32,"column":null}},"3":{"start":{"line":37,"column":13},"end":{"line":42,"column":null}}},"fnMap":{},"branchMap":{},"s":{"0":1,"1":1,"2":1,"3":1},"f":{},"b":{}}
,"C:\\Users\\Administrator\\Desktop\\EMS\\backend\\src\\generated\\prisma\\internal\\class.ts": {"path":"C:\\Users\\Administrator\\Desktop\\EMS\\backend\\src\\generated\\prisma\\internal\\class.ts","statementMap":{"0":{"start":{"line":242,"column":0},"end":{"line":242,"column":16}},"1":{"start":{"line":14,"column":0},"end":{"line":14,"column":56}},"2":{"start":{"line":18,"column":46},"end":{"line":33,"column":null}},"3":{"start":{"line":35,"column":0},"end":{"line":35,"column":null}},"4":{"start":{"line":36,"column":0},"end":{"line":39,"column":null}},"5":{"start":{"line":42,"column":21},"end":{"line":42,"column":48}},"6":{"start":{"line":43,"column":20},"end":{"line":43,"column":53}},"7":{"start":{"line":44,"column":2},"end":{"line":44,"column":null}},"8":{"start":{"line":47,"column":0},"end":{"line":56,"column":null}},"9":{"start":{"line":48,"column":26},"end":{"line":48,"column":101}},"10":{"start":{"line":51,"column":21},"end":{"line":51,"column":108}},"11":{"start":{"line":52,"column":4},"end":{"line":52,"column":null}},"12":{"start":{"line":243,"column":2},"end":{"line":243,"column":null}}},"fnMap":{"0":{"name":"decodeBase64AsWasm","decl":{"start":{"line":41,"column":15},"end":{"line":41,"column":33}},"loc":{"start":{"line":41,"column":52},"end":{"line":45,"column":1}}},"1":{"name":"(anonymous_10)","decl":{"start":{"line":48,"column":14},"end":{"line":48,"column":19}},"loc":{"start":{"line":48,"column":26},"end":{"line":48,"column":101}}},"2":{"name":"(anonymous_11)","decl":{"start":{"line":50,"column":30},"end":{"line":50,"column":35}},"loc":{"start":{"line":50,"column":41},"end":{"line":53,"column":3}}},"3":{"name":"getPrismaClientClass","decl":{"start":{"line":242,"column":16},"end":{"line":242,"column":36}},"loc":{"start":{"line":242,"column":36},"end":{"line":244,"column":1}}}},"branchMap":{},"s":{"0":1,"1":1,"2":1,"3":1,"4":1,"5":0,"6":0,"7":0,"8":1,"9":0,"10":0,"11":0,"12":1},"f":{"0":0,"1":0,"2":0,"3":1},"b":{}}
,"C:\\Users\\Administrator\\Desktop\\EMS\\backend\\src\\generated\\prisma\\internal\\prismaNamespace.ts": {"path":"C:\\Users\\Administrator\\Desktop\\EMS\\backend\\src\\generated\\prisma\\internal\\prismaNamespace.ts","statementMap":{"0":{"start":{"line":18,"column":0},"end":{"line":18,"column":56}},"1":{"start":{"line":32,"column":13},"end":{"line":32,"column":null}},"2":{"start":{"line":35,"column":13},"end":{"line":35,"column":null}},"3":{"start":{"line":38,"column":13},"end":{"line":38,"column":null}},"4":{"start":{"line":41,"column":13},"end":{"line":41,"column":null}},"5":{"start":{"line":44,"column":13},"end":{"line":44,"column":null}},"6":{"start":{"line":50,"column":13},"end":{"line":50,"column":null}},"7":{"start":{"line":51,"column":13},"end":{"line":51,"column":null}},"8":{"start":{"line":52,"column":13},"end":{"line":52,"column":null}},"9":{"start":{"line":53,"column":13},"end":{"line":53,"column":null}},"10":{"start":{"line":54,"column":13},"end":{"line":54,"column":null}},"11":{"start":{"line":62,"column":13},"end":{"line":62,"column":null}},"12":{"start":{"line":71,"column":13},"end":{"line":71,"column":null}},"13":{"start":{"line":86,"column":13},"end":{"line":89,"column":null}},"14":{"start":{"line":104,"column":13},"end":{"line":108,"column":null}},"15":{"start":{"line":114,"column":13},"end":{"line":114,"column":null}},"16":{"start":{"line":121,"column":13},"end":{"line":121,"column":null}},"17":{"start":{"line":128,"column":13},"end":{"line":128,"column":null}},"18":{"start":{"line":386,"column":13},"end":{"line":392,"column":null}},"19":{"start":{"line":810,"column":13},"end":{"line":815,"column":null}},"20":{"start":{"line":820,"column":13},"end":{"line":829,"column":null}},"21":{"start":{"line":834,"column":13},"end":{"line":847,"column":null}},"22":{"start":{"line":852,"column":13},"end":{"line":858,"column":null}},"23":{"start":{"line":863,"column":13},"end":{"line":873,"column":null}},"24":{"start":{"line":878,"column":13},"end":{"line":884,"column":null}},"25":{"start":{"line":889,"column":13},"end":{"line":892,"column":null}},"26":{"start":{"line":897,"column":13},"end":{"line":900,"column":null}},"27":{"start":{"line":905,"column":13},"end":{"line":908,"column":null}},"28":{"start":{"line":1037,"column":13},"end":{"line":1037,"column":null}}},"fnMap":{},"branchMap":{},"s":{"0":1,"1":1,"2":1,"3":1,"4":1,"5":1,"6":1,"7":1,"8":1,"9":1,"10":1,"11":1,"12":1,"13":1,"14":1,"15":1,"16":1,"17":1,"18":1,"19":1,"20":1,"21":1,"22":1,"23":1,"24":1,"25":1,"26":1,"27":1,"28":1},"f":{},"b":{}}
,"C:\\Users\\Administrator\\Desktop\\EMS\\backend\\src\\prisma\\prisma.service.ts": {"path":"C:\\Users\\Administrator\\Desktop\\EMS\\backend\\src\\prisma\\prisma.service.ts","statementMap":{"0":{"start":{"line":1,"column":0},"end":{"line":1,"column":44}},"1":{"start":{"line":2,"column":0},"end":{"line":2,"column":58}},"2":{"start":{"line":3,"column":0},"end":{"line":3,"column":46}},"3":{"start":{"line":6,"column":7},"end":{"line":13,"column":null}},"4":{"start":{"line":8,"column":20},"end":{"line":10,"column":6}},"5":{"start":{"line":11,"column":4},"end":{"line":11,"column":23}},"6":{"start":{"line":6,"column":13},"end":{"line":6,"column":26}},"7":{"start":{"line":6,"column":13},"end":{"line":13,"column":null}}},"fnMap":{"0":{"name":"(anonymous_2)","decl":{"start":{"line":7,"column":2},"end":{"line":7,"column":null}},"loc":{"start":{"line":7,"column":2},"end":{"line":12,"column":3}}}},"branchMap":{},"s":{"0":1,"1":1,"2":1,"3":1,"4":0,"5":0,"6":1,"7":1},"f":{"0":0},"b":{}}
}
