TN:
SF:src\auth\auth.service.ts
FN:15,(anonymous_3)
FN:20,(anonymous_4)
FN:72,(anonymous_5)
FN:113,(anonymous_6)
FN:219,(anonymous_7)
FNF:5
FNH:5
FNDA:20,(anonymous_3)
FNDA:4,(anonymous_4)
FNDA:3,(anonymous_5)
FNDA:7,(anonymous_6)
FNDA:5,(anonymous_7)
DA:1,1
DA:8,1
DA:10,1
DA:11,1
DA:14,1
DA:16,20
DA:17,20
DA:21,4
DA:24,4
DA:25,3
DA:26,1
DA:27,2
DA:31,2
DA:32,1
DA:34,1
DA:39,1
DA:40,1
DA:47,1
DA:48,1
DA:49,1
DA:58,1
DA:73,3
DA:74,1
DA:77,2
DA:82,2
DA:86,1
DA:90,1
DA:92,1
DA:115,7
DA:116,1
DA:121,6
DA:123,6
DA:127,1
DA:131,5
DA:137,5
DA:138,1
DA:142,4
DA:143,1
DA:147,3
DA:148,1
DA:154,1
DA:158,2
DA:160,2
DA:161,1
DA:165,1
DA:167,1
DA:178,1
DA:191,1
DA:193,1
DA:196,1
DA:213,1
DA:220,5
DA:221,1
DA:226,4
DA:227,4
DA:231,1
DA:234,3
DA:246,3
DA:247,1
DA:250,2
DA:251,1
DA:254,1
LF:62
LH:62
BRDA:24,0,0,1
BRDA:24,0,1,3
BRDA:25,1,0,1
BRDA:25,1,1,2
BRDA:31,2,0,1
BRDA:31,2,1,1
BRDA:73,3,0,1
BRDA:73,3,1,2
BRDA:115,4,0,1
BRDA:115,4,1,6
BRDA:137,5,0,1
BRDA:137,5,1,4
BRDA:142,6,0,1
BRDA:142,6,1,3
BRDA:147,7,0,1
BRDA:147,7,1,2
BRDA:160,8,0,1
BRDA:160,8,1,1
BRDA:220,9,0,1
BRDA:220,9,1,4
BRDA:246,10,0,1
BRDA:246,10,1,2
BRDA:250,11,0,1
BRDA:250,11,1,1
BRDA:16,12,0,1
BRDA:16,12,1,0
BRDA:16,13,0,1
BRDA:16,13,1,1
BRDA:16,14,0,1
BRDA:16,14,1,0
BRDA:16,15,0,1
BRDA:16,15,1,1
BRF:32
BRH:30
end_of_record
TN:
SF:src\generated\prisma\client.ts
FNF:0
FNH:0
DA:18,1
DA:19,1
DA:21,1
DA:22,1
DA:38,1
DA:40,1
LF:6
LH:6
BRF:0
BRH:0
end_of_record
TN:
SF:src\generated\prisma\enums.ts
FNF:0
FNH:0
DA:12,1
DA:20,1
DA:28,1
DA:37,1
LF:4
LH:4
BRF:0
BRH:0
end_of_record
TN:
SF:src\generated\prisma\internal\class.ts
FN:41,decodeBase64AsWasm
FN:48,(anonymous_10)
FN:50,(anonymous_11)
FN:242,getPrismaClientClass
FNF:4
FNH:1
FNDA:0,decodeBase64AsWasm
FNDA:0,(anonymous_10)
FNDA:0,(anonymous_11)
FNDA:1,getPrismaClientClass
DA:14,1
DA:18,1
DA:35,1
DA:36,1
DA:42,0
DA:43,0
DA:44,0
DA:47,1
DA:48,0
DA:51,0
DA:52,0
DA:242,1
DA:243,1
LF:13
LH:7
BRF:0
BRH:0
end_of_record
TN:
SF:src\generated\prisma\internal\prismaNamespace.ts
FNF:0
FNH:0
DA:18,1
DA:32,1
DA:35,1
DA:38,1
DA:41,1
DA:44,1
DA:50,1
DA:51,1
DA:52,1
DA:53,1
DA:54,1
DA:62,1
DA:71,1
DA:86,1
DA:104,1
DA:114,1
DA:121,1
DA:128,1
DA:386,1
DA:810,1
DA:820,1
DA:834,1
DA:852,1
DA:863,1
DA:878,1
DA:889,1
DA:897,1
DA:905,1
DA:1037,1
LF:29
LH:29
BRF:0
BRH:0
end_of_record
TN:
SF:src\prisma\prisma.service.ts
FN:7,(anonymous_2)
FNF:1
FNH:0
FNDA:0,(anonymous_2)
DA:1,1
DA:2,1
DA:3,1
DA:6,1
DA:8,0
DA:11,0
LF:6
LH:4
BRF:0
BRH:0
end_of_record
