TN:
SF:src\auth\auth.service.ts
FN:15,(anonymous_3)
FN:20,(anonymous_4)
FN:104,(anonymous_5)
FN:147,(anonymous_6)
FN:268,(anonymous_7)
FNF:5
FNH:2
FNDA:2,(anonymous_3)
FNDA:1,(anonymous_4)
FNDA:0,(anonymous_5)
FNDA:0,(anonymous_6)
FNDA:0,(anonymous_7)
DA:1,1
DA:8,1
DA:10,1
DA:11,1
DA:14,1
DA:16,2
DA:17,2
DA:21,1
DA:24,1
DA:26,1
DA:27,1
DA:28,0
DA:33,0
DA:36,0
DA:42,0
DA:52,0
DA:53,0
DA:66,0
DA:69,0
DA:70,0
DA:79,0
DA:87,0
DA:94,0
DA:105,0
DA:106,0
DA:112,0
DA:116,0
DA:121,0
DA:125,0
DA:132,0
DA:139,0
DA:149,0
DA:150,0
DA:155,0
DA:157,0
DA:161,0
DA:165,0
DA:171,0
DA:172,0
DA:176,0
DA:177,0
DA:181,0
DA:182,0
DA:188,0
DA:192,0
DA:194,0
DA:195,0
DA:199,0
DA:201,0
DA:212,0
DA:225,0
DA:227,0
DA:230,0
DA:247,0
DA:255,0
DA:263,0
DA:269,0
DA:270,0
DA:275,0
DA:276,0
DA:280,0
DA:281,0
DA:284,0
DA:288,0
DA:289,0
DA:292,0
DA:294,0
DA:295,0
DA:298,0
DA:299,0
DA:302,0
DA:314,0
DA:315,0
DA:318,0
DA:319,0
DA:322,0
LF:76
LH:11
BRDA:24,0,0,0
BRDA:24,0,1,1
BRDA:26,1,0,1
BRDA:26,1,1,0
BRDA:33,2,0,0
BRDA:33,2,1,0
BRDA:105,3,0,0
BRDA:105,3,1,0
BRDA:149,4,0,0
BRDA:149,4,1,0
BRDA:171,5,0,0
BRDA:171,5,1,0
BRDA:176,6,0,0
BRDA:176,6,1,0
BRDA:181,7,0,0
BRDA:181,7,1,0
BRDA:194,8,0,0
BRDA:194,8,1,0
BRDA:269,9,0,0
BRDA:269,9,1,0
BRDA:288,10,0,0
BRDA:288,10,1,0
BRDA:294,11,0,0
BRDA:294,11,1,0
BRDA:298,12,0,0
BRDA:298,12,1,0
BRDA:314,13,0,0
BRDA:314,13,1,0
BRDA:318,14,0,0
BRDA:318,14,1,0
BRDA:16,15,0,1
BRDA:16,15,1,0
BRDA:16,16,0,1
BRDA:16,16,1,1
BRDA:16,17,0,1
BRDA:16,17,1,0
BRDA:16,18,0,1
BRDA:16,18,1,1
BRF:38
BRH:8
end_of_record
TN:
SF:src\generated\prisma\client.ts
FNF:0
FNH:0
DA:18,1
DA:19,1
DA:21,1
DA:22,1
DA:38,1
DA:40,1
LF:6
LH:6
BRF:0
BRH:0
end_of_record
TN:
SF:src\generated\prisma\enums.ts
FNF:0
FNH:0
DA:12,1
DA:20,1
DA:28,1
DA:37,1
LF:4
LH:4
BRF:0
BRH:0
end_of_record
TN:
SF:src\generated\prisma\internal\class.ts
FN:41,decodeBase64AsWasm
FN:48,(anonymous_10)
FN:50,(anonymous_11)
FN:242,getPrismaClientClass
FNF:4
FNH:1
FNDA:0,decodeBase64AsWasm
FNDA:0,(anonymous_10)
FNDA:0,(anonymous_11)
FNDA:1,getPrismaClientClass
DA:14,1
DA:18,1
DA:35,1
DA:36,1
DA:42,0
DA:43,0
DA:44,0
DA:47,1
DA:48,0
DA:51,0
DA:52,0
DA:242,1
DA:243,1
LF:13
LH:7
BRF:0
BRH:0
end_of_record
TN:
SF:src\generated\prisma\internal\prismaNamespace.ts
FNF:0
FNH:0
DA:18,1
DA:32,1
DA:35,1
DA:38,1
DA:41,1
DA:44,1
DA:50,1
DA:51,1
DA:52,1
DA:53,1
DA:54,1
DA:62,1
DA:71,1
DA:86,1
DA:104,1
DA:114,1
DA:121,1
DA:128,1
DA:386,1
DA:810,1
DA:820,1
DA:834,1
DA:852,1
DA:863,1
DA:878,1
DA:889,1
DA:897,1
DA:905,1
DA:1037,1
LF:29
LH:29
BRF:0
BRH:0
end_of_record
TN:
SF:src\prisma\prisma.service.ts
FN:7,(anonymous_2)
FNF:1
FNH:0
FNDA:0,(anonymous_2)
DA:1,1
DA:2,1
DA:3,1
DA:6,1
DA:8,0
DA:11,0
LF:6
LH:4
BRF:0
BRH:0
end_of_record
